0 info it worked if it ends with ok
1 verbose cli [ 'C:\\Program Files\\nodejs\\node.exe',
1 verbose cli   'C:\\Program Files\\nodejs\\node_modules\\npm\\bin\\npm-cli.js',
1 verbose cli   'install' ]
2 info using npm@2.14.3
3 info using node@v4.1.0
4 verbose readDependencies loading dependencies from C:\Users\John\Documents\GitHub\learnBB\package.json
5 error install Couldn't read dependencies
6 verbose stack Error: Invalid version: "latest"
6 verbose stack     at Object.module.exports.fixVersionField (C:\Program Files\nodejs\node_modules\npm\node_modules\normalize-package-data\lib\fixer.js:186:13)
6 verbose stack     at C:\Program Files\nodejs\node_modules\npm\node_modules\normalize-package-data\lib\normalize.js:32:38
6 verbose stack     at Array.forEach (native)
6 verbose stack     at normalize (C:\Program Files\nodejs\node_modules\npm\node_modules\normalize-package-data\lib\normalize.js:31:15)
6 verbose stack     at final (C:\Program Files\nodejs\node_modules\npm\node_modules\read-package-json\read-json.js:338:5)
6 verbose stack     at then (C:\Program Files\nodejs\node_modules\npm\node_modules\read-package-json\read-json.js:113:5)
6 verbose stack     at C:\Program Files\nodejs\node_modules\npm\node_modules\read-package-json\read-json.js:300:12
6 verbose stack     at FSReqWrap.readFileAfterClose [as oncomplete] (evalmachine.<anonymous>:380:3)
7 verbose cwd C:\Users\John\Documents\GitHub\learnBB\app
8 error Windows_NT 6.1.7601
9 error argv "C:\\Program Files\\nodejs\\node.exe" "C:\\Program Files\\nodejs\\node_modules\\npm\\bin\\npm-cli.js" "install"
10 error node v4.1.0
11 error npm  v2.14.3
12 error Invalid version: "latest"
13 error If you need help, you may report this error at:
13 error     <https://github.com/npm/npm/issues>
14 verbose exit [ 1, true ]
